[18:34:20] [main/INFO]: Loading Minecraft 1.20.1 with Fabric Loader 0.14.22
[18:34:20] [main/INFO]: Loading 54 mods:
	- fabric-api 0.87.0+1.20.1
	   |-- fabric-api-base 0.4.30+7abfd51577
	   |-- fabric-api-lookup-api-v1 1.6.35+4d8536c977
	   |-- fabric-biome-api-v1 13.0.10+b3afc78b77
	   |-- fabric-block-api-v1 1.0.9+e022e5d177
	   |-- fabric-blockrenderlayer-v1 1.1.40+b3afc78b77
	   |-- fabric-client-tags-api-v1 1.1.1+97bb207577
	   |-- fabric-command-api-v1 1.2.33+f71b366f77
	   |-- fabric-command-api-v2 2.2.12+b3afc78b77
	   |-- fabric-commands-v0 0.2.50+df3654b377
	   |-- fabric-containers-v0 0.1.63+df3654b377
	   |-- fabric-content-registries-v0 4.0.9+b3afc78b77
	   |-- fabric-convention-tags-v1 1.5.4+a1a980da77
	   |-- fabric-crash-report-info-v1 0.2.18+aeb40ebe77
	   |-- fabric-data-generation-api-v1 12.2.2+1e61dba177
	   |-- fabric-dimensions-v1 2.1.53+8536527b77
	   |-- fabric-entity-events-v1 1.5.22+b3afc78b77
	   |-- fabric-events-interaction-v0 0.6.1+e91849a877
	   |-- fabric-events-lifecycle-v0 0.2.62+df3654b377
	   |-- fabric-game-rule-api-v1 1.0.38+b04edc7a77
	   |-- fabric-item-api-v1 2.1.27+b3afc78b77
	   |-- fabric-item-group-api-v1 4.0.10+23d9108177
	   |-- fabric-key-binding-api-v1 1.0.36+fb8d95da77
	   |-- fabric-keybindings-v0 0.2.34+df3654b377
	   |-- fabric-lifecycle-events-v1 2.2.21+b3afc78b77
	   |-- fabric-loot-api-v2 1.1.39+b3afc78b77
	   |-- fabric-loot-tables-v1 1.1.43+9e7660c677
	   |-- fabric-message-api-v1 5.1.7+3265161977
	   |-- fabric-mining-level-api-v1 2.1.49+b3afc78b77
	   |-- fabric-model-loading-api-v1 1.0.2+709a987177
	   |-- fabric-models-v0 0.4.1+9386d8a777
	   |-- fabric-networking-api-v1 1.3.10+eeb8eb3677
	   |-- fabric-networking-v0 0.3.50+df3654b377
	   |-- fabric-object-builder-api-v1 11.1.1+6beca84877
	   |-- fabric-particles-v1 1.1.1+201a23a077
	   |-- fabric-recipe-api-v1 1.0.20+b3afc78b77
	   |-- fabric-registry-sync-v0 2.3.2+4df89eb277
	   |-- fabric-renderer-api-v1 3.1.2+6bdb2ed077
	   |-- fabric-renderer-indigo 1.4.2+6bdb2ed077
	   |-- fabric-renderer-registries-v1 3.2.45+df3654b377
	   |-- fabric-rendering-data-attachment-v1 0.3.34+b3afc78b77
	   |-- fabric-rendering-fluids-v1 3.0.27+b3afc78b77
	   |-- fabric-rendering-v0 1.1.48+df3654b377
	   |-- fabric-rendering-v1 3.0.7+b3afc78b77
	   |-- fabric-resource-conditions-api-v1 2.3.5+ea08f9d877
	   |-- fabric-resource-loader-v0 0.11.9+132c48c177
	   |-- fabric-screen-api-v1 2.0.7+b3afc78b77
	   |-- fabric-screen-handler-api-v1 1.3.29+b3afc78b77
	   |-- fabric-sound-api-v1 1.0.12+b3afc78b77
	   |-- fabric-transfer-api-v1 3.3.0+cdf060b277
	   \-- fabric-transitive-access-wideners-v1 4.3.0+6c31357e77
	- fabricloader 0.14.22
	- ferritecore 6.0.0
	- java 17
	- krypton 0.2.3
	   \-- com_velocitypowered_velocity-native 3.2.0-SNAPSHOT
	- lithium 0.11.2
	- memoryleakfix 1.1.1
	   \-- com_github_llamalad7_mixinextras 0.2.0-beta.8
	- minecraft 1.20.1
	- servercore 1.3.7+1.20.1
	   |-- com_electronwill_night-config_core 3.6.6
	   |-- com_electronwill_night-config_toml 3.6.6
	   |-- fabric-permissions-api-v0 0.2-SNAPSHOT
	   \-- placeholder-api 2.1.1+1.20
	- spark 1.10.42
	- starlight 1.1.2+fabric.dbc156f
[18:34:20] [main/INFO]: SpongePowered MIXIN Subsystem Version=0.8.5 Source=file:/F:/server/libraries/net/fabricmc/sponge-mixin/0.12.5+mixin.0.8.5/sponge-mixin-0.12.5+mixin.0.8.5.jar Service=Knot/Fabric Env=SERVER
[18:34:20] [main/INFO]: Compatibility level set to JAVA_16
[18:34:20] [main/INFO]: Compatibility level set to JAVA_17
[18:34:21] [main/INFO]: Loaded configuration file for Lithium: 115 options available, 3 override(s) found
[18:34:21] [main/WARN]: Force-disabling mixin 'alloc.blockstate.StateMixin' as rule 'mixin.alloc.blockstate' (added by mods [ferritecore]) disables it and children
[18:34:21] [main/WARN]: Force-disabling mixin 'alloc.chunk_ticking.ServerChunkManagerMixin' as rule 'mixin.alloc.chunk_ticking' (added by mods [servercore]) disables it and children
[18:34:21] [main/WARN]: Force-disabling mixin 'world.player_chunk_tick.ThreadedAnvilChunkStorageMixin' as rule 'mixin.world.player_chunk_tick' (added by mods [krypton]) disables it and children
[18:34:22] [main/INFO]: [MemoryLeakFix] Will be applying 1 memory leak fixes!
[18:34:22] [main/INFO]: [MemoryLeakFix] Currently enabled memory leak fixes: [biomeTemperatureLeak]
[18:34:33] [main/INFO]: Compression will use Java, encryption will use Java
[18:34:33] [main/INFO]: [ServerCore] Loaded V1.3.7+1.20.1!
[18:34:33] [main/INFO]: Krypton is now accelerating your Minecraft server's networking stack ?
[18:34:33] [main/INFO]: Environment: authHost='https://authserver.mojang.com', accountsHost='https://api.mojang.com', sessionHost='https://sessionserver.mojang.com', servicesHost='https://api.minecraftservices.com', name='PROD'
[18:34:35] [Worker-Main-3/ERROR]: Couldn't parse element predicates:ops:weather
com.google.gson.JsonSyntaxException: Unknown type 'minecraft:alternative'
	at net.minecraft.class_5330$class_5333.deserialize(class_5330.java:99) ~[server-intermediary.jar:?]
	at com.google.gson.internal.bind.TreeTypeAdapter.read(TreeTypeAdapter.java:76) ~[gson-2.10.jar:?]
	at com.google.gson.Gson.fromJson(Gson.java:1214) ~[gson-2.10.jar:?]
	at com.google.gson.Gson.fromJson(Gson.java:1319) ~[gson-2.10.jar:?]
	at com.google.gson.Gson.fromJson(Gson.java:1261) ~[gson-2.10.jar:?]
	at net.minecraft.class_8490.method_51206(class_8490.java:82) ~[server-intermediary.jar:?]
	at net.minecraft.class_8490.method_51204(class_8490.java:48) ~[server-intermediary.jar:?]
	at net.minecraft.class_60.method_51195(class_60.java:55) ~[server-intermediary.jar:?]
	at java.util.HashMap.forEach(HashMap.java:1421) ~[?:?]
	at net.minecraft.class_60.method_51189(class_60.java:55) ~[server-intermediary.jar:?]
	at java.util.concurrent.CompletableFuture$AsyncRun.run(CompletableFuture.java:1804) ~[?:?]
	at java.util.concurrent.CompletableFuture$AsyncRun.exec(CompletableFuture.java:1796) ~[?:?]
	at java.util.concurrent.ForkJoinTask.doExec(ForkJoinTask.java:373) ~[?:?]
	at java.util.concurrent.ForkJoinPool$WorkQueue.topLevelExec(ForkJoinPool.java:1182) ~[?:?]
	at java.util.concurrent.ForkJoinPool.scan(ForkJoinPool.java:1655) ~[?:?]
	at java.util.concurrent.ForkJoinPool.runWorker(ForkJoinPool.java:1622) ~[?:?]
	at java.util.concurrent.ForkJoinWorkerThread.run(ForkJoinWorkerThread.java:165) ~[?:?]
[18:34:36] [main/INFO]: Loaded 7 recipes
[18:34:36] [main/INFO]: Loaded 1271 advancements
[18:34:37] [main/INFO]: Applied 0 biome modifications to 0 of 64 new biomes in 2.906 ms
[18:34:37] [Server thread/INFO]: Starting background profiler...
[18:34:37] [Server thread/INFO]: The async-profiler engine is not supported for your os/arch (windows10/amd64), so the built-in Java engine will be used instead.
[18:34:37] [Server thread/INFO]: Starting minecraft server version 1.20.1
[18:34:37] [Server thread/INFO]: Loading properties
[18:34:37] [Server thread/INFO]: Default game type: SURVIVAL
[18:34:37] [Server thread/INFO]: Generating keypair
[18:34:37] [Server thread/INFO]: Starting Minecraft server on *:25565
[18:34:37] [Server thread/INFO]: Using default channel type
[18:34:38] [Server thread/WARN]: **** SERVER IS RUNNING IN OFFLINE/INSECURE MODE!
[18:34:38] [Server thread/WARN]: The server will make no attempt to authenticate usernames. Beware.
[18:34:38] [Server thread/WARN]: While this makes the game possible to play without internet access, it also opens up the ability for hackers to connect with any username they choose.
[18:34:38] [Server thread/WARN]: To change this, set "online-mode" to "true" in the server.properties file.
[18:34:38] [Server thread/INFO]: Preparing level "world"
[18:34:41] [Server thread/INFO]: Preparing start region for dimension minecraft:overworld
[18:34:44] [Worker-Main-2/INFO]: Preparing spawn area: 0%
[18:34:44] [Worker-Main-1/INFO]: Preparing spawn area: 0%
[18:34:44] [Worker-Main-1/INFO]: Preparing spawn area: 0%
[18:34:44] [Worker-Main-3/INFO]: Preparing spawn area: 0%
[18:34:44] [Worker-Main-2/INFO]: Preparing spawn area: 0%
[18:34:44] [Worker-Main-1/INFO]: Preparing spawn area: 0%
[18:34:44] [Worker-Main-2/INFO]: Preparing spawn area: 0%
[18:34:45] [Worker-Main-3/INFO]: Preparing spawn area: 0%
[18:34:45] [Worker-Main-1/INFO]: Preparing spawn area: 0%
[18:34:46] [Worker-Main-1/INFO]: Preparing spawn area: 0%
[18:34:46] [Worker-Main-2/INFO]: Preparing spawn area: 0%
[18:34:47] [Worker-Main-2/INFO]: Preparing spawn area: 0%
[18:34:47] [Worker-Main-1/INFO]: Preparing spawn area: 2%
[18:34:48] [Worker-Main-1/INFO]: Preparing spawn area: 45%
[18:34:48] [Server thread/INFO]: Time elapsed: 7256 ms
[18:34:48] [Server thread/INFO]: Done (10.693s)! For help, type "help"
[18:34:49] [Server thread/INFO]: Unknown or incomplete command, see below for error
[18:34:49] [Server thread/INFO]: <--[HERE]
[18:35:17] [Server thread/INFO]: Stopping the server
[18:35:17] [Server thread/INFO]: Stopping server
[18:35:17] [Server thread/INFO]: Saving players
[18:35:17] [Server thread/INFO]: Saving worlds
[18:35:17] [Server thread/INFO]: Saving chunks for level 'ServerLevel[world]'/minecraft:overworld
[18:35:18] [Server thread/INFO]: Saving chunks for level 'ServerLevel[world]'/minecraft:the_nether
[18:35:18] [Server thread/INFO]: Saving chunks for level 'ServerLevel[world]'/minecraft:the_end
[18:35:18] [Server thread/INFO]: ThreadedAnvilChunkStorage (world): All chunks are saved
[18:35:18] [Server thread/INFO]: ThreadedAnvilChunkStorage (DIM-1): All chunks are saved
[18:35:18] [Server thread/INFO]: ThreadedAnvilChunkStorage (DIM1): All chunks are saved
[18:35:18] [Server thread/INFO]: ThreadedAnvilChunkStorage: All dimensions are saved
